#
# There is insufficient memory for the Java Runtime Environment to continue.
# Native memory allocation (mmap) failed to map 65536 bytes. Error detail: Failed to commit metaspace.
# Possible reasons:
#   The system is out of physical RAM or swap space
#   This process is running with CompressedOops enabled, and the Java Heap may be blocking the growth of the native heap
# Possible solutions:
#   Reduce memory load on the system
#   Increase physical memory or swap space
#   Check if swap backing store is full
#   Decrease Java heap size (-Xmx/-Xms)
#   Decrease number of Java threads
#   Decrease Java thread stack sizes (-Xss)
#   Set larger code cache with -XX:ReservedCodeCacheSize=
#   JVM is running with Zero Based Compressed Oops mode in which the Java heap is
#     placed in the first 32GB address space. The Java Heap base address is the
#     maximum limit for the native heap growth. Please use -XX:HeapBaseMinAddress
#     to set the Java Heap base and to place the Java Heap above 32GB virtual address.
# This output file may be truncated or incomplete.
#
#  Out of Memory Error (virtualSpaceNode.cpp:113), pid=34232, tid=39740
#
# JRE version: Java(TM) SE Runtime Environment (23.0.1+11) (build 23.0.1+11-39)
# Java VM: Java HotSpot(TM) 64-Bit Server VM (23.0.1+11-39, mixed mode, sharing, tiered, compressed oops, compressed class ptrs, g1 gc, windows-amd64)
# No core dump will be written. Minidumps are not enabled by default on client versions of Windows
#

---------------  S U M M A R Y ------------

Command Line: -javaagent:C:\Users\rapha\AppData\Local\Programs\IntelliJ IDEA Community Edition\lib\idea_rt.jar=32054:C:\Users\rapha\AppData\Local\Programs\IntelliJ IDEA Community Edition\bin -Dfile.encoding=UTF-8 -Dsun.stdout.encoding=UTF-8 -Dsun.stderr.encoding=UTF-8 com.asi2.property.sp.PropertyServiceApplication

Host: AMD Ryzen 9 5900HX with Radeon Graphics        , 16 cores, 15G,  Windows 11 , 64 bit Build 22621 (10.0.22621.4391)
Time: Wed Dec 11 15:02:26 2024 Paris, Madrid elapsed time: 0.423823 seconds (0d 0h 0m 0s)

---------------  T H R E A D  ---------------

Current thread (0x000001f3d015c540):  JavaThread "main"             [_thread_in_vm, id=39740, stack(0x00000009c8000000,0x00000009c8100000) (1024K)]

Stack: [0x00000009c8000000,0x00000009c8100000]
Native frames: (J=compiled Java code, j=interpreted, Vv=VM code, C=native code)
V  [jvm.dll+0x6e08b9]  (no source info available)
V  [jvm.dll+0x87dc83]  (no source info available)
V  [jvm.dll+0x88010e]  (no source info available)
V  [jvm.dll+0x8807e3]  (no source info available)
V  [jvm.dll+0x27aee6]  (no source info available)
V  [jvm.dll+0x87988e]  (no source info available)
V  [jvm.dll+0x682035]  (no source info available)
V  [jvm.dll+0x68209a]  (no source info available)
V  [jvm.dll+0x6848da]  (no source info available)
V  [jvm.dll+0x2219dc]  (no source info available)
V  [jvm.dll+0x682a4e]  (no source info available)
V  [jvm.dll+0x266380]  (no source info available)
V  [jvm.dll+0x2129b7]  (no source info available)
V  [jvm.dll+0x20811e]  (no source info available)
V  [jvm.dll+0x5be6df]  (no source info available)
V  [jvm.dll+0x219b2b]  (no source info available)
V  [jvm.dll+0x7f3130]  (no source info available)
V  [jvm.dll+0x7f41d6]  (no source info available)
V  [jvm.dll+0x7f47e4]  (no source info available)
V  [jvm.dll+0x7f4468]  (no source info available)
V  [jvm.dll+0x2689cb]  (no source info available)
V  [jvm.dll+0x268bf6]  (no source info available)
V  [jvm.dll+0x5e1ea7]  (no source info available)
V  [jvm.dll+0x5e4f56]  (no source info available)
V  [jvm.dll+0x3d5bcd]  (no source info available)
V  [jvm.dll+0x3d51cd]  (no source info available)
C  0x000001f3e2c99dbc  (no source info available)

The last pc belongs to invokestatic (printed below).
Java frames: (J=compiled Java code, j=interpreted, Vv=VM code)
j  sun.reflect.annotation.AnnotationParser.parseSig(Ljava/lang/String;Ljava/lang/Class;)Ljava/lang/Class;+36 java.base@23.0.1
j  sun.reflect.annotation.AnnotationParser.parseAnnotation2(Ljava/nio/ByteBuffer;Ljdk/internal/reflect/ConstantPool;Ljava/lang/Class;Z[Ljava/lang/Class;)Ljava/lang/annotation/Annotation;+27 java.base@23.0.1
j  sun.reflect.annotation.AnnotationParser.parseAnnotations2([BLjdk/internal/reflect/ConstantPool;Ljava/lang/Class;[Ljava/lang/Class;)Ljava/util/Map;+41 java.base@23.0.1
j  sun.reflect.annotation.AnnotationParser.parseAnnotations([BLjdk/internal/reflect/ConstantPool;Ljava/lang/Class;)Ljava/util/Map;+12 java.base@23.0.1
j  java.lang.Class.createAnnotationData(I)Ljava/lang/Class$AnnotationData;+9 java.base@23.0.1
j  java.lang.Class.annotationData()Ljava/lang/Class$AnnotationData;+26 java.base@23.0.1
j  java.lang.Class.getDeclaredAnnotations()[Ljava/lang/annotation/Annotation;+1 java.base@23.0.1
j  org.springframework.core.annotation.AnnotationsScanner.getDeclaredAnnotations(Ljava/lang/reflect/AnnotatedElement;Z)[Ljava/lang/annotation/Annotation;+25
j  org.springframework.core.annotation.AnnotationsScanner.processClassHierarchy(Ljava/lang/Object;[ILjava/lang/Class;Lorg/springframework/core/annotation/AnnotationsProcessor;ZLjava/util/function/Predicate;)Ljava/lang/Object;+31
j  org.springframework.core.annotation.AnnotationsScanner.processClassHierarchy(Ljava/lang/Object;[ILjava/lang/Class;Lorg/springframework/core/annotation/AnnotationsProcessor;ZLjava/util/function/Predicate;)Ljava/lang/Object;+107
j  org.springframework.core.annotation.AnnotationsScanner.processClassHierarchy(Ljava/lang/Object;Ljava/lang/Class;Lorg/springframework/core/annotation/AnnotationsProcessor;ZLjava/util/function/Predicate;)Ljava/lang/Object;+13
j  org.springframework.core.annotation.AnnotationsScanner.processClass(Ljava/lang/Object;Ljava/lang/Class;Lorg/springframework/core/annotation/MergedAnnotations$SearchStrategy;Ljava/util/function/Predicate;Lorg/springframework/core/annotation/AnnotationsProcessor;)Ljava/lang/Object;+88
j  org.springframework.core.annotation.AnnotationsScanner.process(Ljava/lang/Object;Ljava/lang/reflect/AnnotatedElement;Lorg/springframework/core/annotation/MergedAnnotations$SearchStrategy;Ljava/util/function/Predicate;Lorg/springframework/core/annotation/AnnotationsProcessor;)Ljava/lang/Object;+20
j  org.springframework.core.annotation.AnnotationsScanner.scan(Ljava/lang/Object;Ljava/lang/reflect/AnnotatedElement;Lorg/springframework/core/annotation/MergedAnnotations$SearchStrategy;Ljava/util/function/Predicate;Lorg/springframework/core/annotation/AnnotationsProcessor;)Ljava/lang/Object;+6
j  org.springframework.core.annotation.TypeMappedAnnotations.scan(Ljava/lang/Object;Lorg/springframework/core/annotation/AnnotationsProcessor;)Ljava/lang/Object;+60
j  org.springframework.core.annotation.TypeMappedAnnotations.get(Ljava/lang/Class;Ljava/util/function/Predicate;Lorg/springframework/core/annotation/MergedAnnotationSelector;)Lorg/springframework/core/annotation/MergedAnnotation;+30
j  org.springframework.core.annotation.TypeMappedAnnotations.get(Ljava/lang/Class;)Lorg/springframework/core/annotation/MergedAnnotation;+4
j  org.springframework.core.annotation.OrderUtils.findOrder(Lorg/springframework/core/annotation/MergedAnnotations;)Ljava/lang/Integer;+3
j  org.springframework.core.annotation.OrderUtils.getOrderFromAnnotations(Ljava/lang/reflect/AnnotatedElement;Lorg/springframework/core/annotation/MergedAnnotations;)Ljava/lang/Integer;+45
j  org.springframework.core.annotation.AnnotationAwareOrderComparator.findOrderFromAnnotation(Ljava/lang/Object;)Ljava/lang/Integer;+31
j  org.springframework.core.annotation.AnnotationAwareOrderComparator.findOrder(Ljava/lang/Object;)Ljava/lang/Integer;+14
j  org.springframework.core.OrderComparator.getOrder(Ljava/lang/Object;)I+6
j  org.springframework.core.OrderComparator.getOrder(Ljava/lang/Object;Lorg/springframework/core/OrderComparator$OrderSourceProvider;)I+107
j  org.springframework.core.OrderComparator.doCompare(Ljava/lang/Object;Ljava/lang/Object;Lorg/springframework/core/OrderComparator$OrderSourceProvider;)I+47
j  org.springframework.core.OrderComparator.compare(Ljava/lang/Object;Ljava/lang/Object;)I+4
j  java.util.TimSort.countRunAndMakeAscending([Ljava/lang/Object;IILjava/util/Comparator;)I+43 java.base@23.0.1
j  java.util.TimSort.sort([Ljava/lang/Object;IILjava/util/Comparator;[Ljava/lang/Object;II)V+60 java.base@23.0.1
j  java.util.Arrays.sort([Ljava/lang/Object;IILjava/util/Comparator;)V+43 java.base@23.0.1
j  java.util.ArrayList.sort(Ljava/util/Comparator;)V+15 java.base@23.0.1
j  org.springframework.core.annotation.AnnotationAwareOrderComparator.sort(Ljava/util/List;)V+14
j  org.springframework.core.io.support.SpringFactoriesLoader.load(Ljava/lang/Class;Lorg/springframework/core/io/support/SpringFactoriesLoader$ArgumentResolver;Lorg/springframework/core/io/support/SpringFactoriesLoader$FailureHandler;)Ljava/util/List;+124
j  org.springframework.core.io.support.SpringFactoriesLoader.load(Ljava/lang/Class;Lorg/springframework/core/io/support/SpringFactoriesLoader$ArgumentResolver;)Ljava/util/List;+4
j  org.springframework.boot.SpringApplication.getSpringFactoriesInstances(Ljava/lang/Class;Lorg/springframework/core/io/support/SpringFactoriesLoader$ArgumentResolver;)Ljava/util/List;+9
j  org.springframework.boot.SpringApplication.getSpringFactoriesInstances(Ljava/lang/Class;)Ljava/util/List;+3
j  org.springframework.boot.SpringApplication.<init>(Lorg/springframework/core/io/ResourceLoader;[Ljava/lang/Class;)V+113
j  org.springframework.boot.SpringApplication.<init>([Ljava/lang/Class;)V+3
j  org.springframework.boot.SpringApplication.run([Ljava/lang/Class;[Ljava/lang/String;)Lorg/springframework/context/ConfigurableApplicationContext;+5
j  org.springframework.boot.SpringApplication.run(Ljava/lang/Class;[Ljava/lang/String;)Lorg/springframework/context/ConfigurableApplicationContext;+9
j  com.asi2.property.sp.PropertyServiceApplication.main([Ljava/lang/String;)V+3
v  ~StubRoutines::call_stub 0x000001f3e2c80fcd
Lock stack of current Java thread (top to bottom):

invokestatic  184 invokestatic  [0x000001f3e2c99d20, 0x000001f3e2c9a000]  736 bytes
[MachCode]
  0x000001f3e2c99d20: 4883 ec08 | c5fa 1104 | 24eb 1f48 | 83ec 10c5 | fb11 0424 | eb14 4883 | ec10 4889 | 0424 48c7 
  0x000001f3e2c99d40: 4424 0800 | 0000 00eb | 0150 488b | 4dd0 410f | b755 0148 | 8b49 306b | d218 488d | 4c11 080f 
  0x000001f3e2c99d60: b659 1681 | fbb8 0000 | 000f 84bd | 0000 00bb | b800 0000 | e805 0000 | 00e9 9900 | 0000 488b 
  0x000001f3e2c99d80: d348 8d44 | 2408 4c89 | 6dc0 498b | cfc5 f877 | 4989 afb0 | 0300 0049 | 8987 a003 | 0000 4883 
  0x000001f3e2c99da0: ec20 40f6 | c40f 0f84 | 1900 0000 | 4883 ec08 | 48b8 6051 | 95d1 fe7f | 0000 ffd0 | 4883 c408 
  0x000001f3e2c99dc0: e90c 0000 | 0048 b860 | 5195 d1fe | 7f00 00ff | d048 83c4 | 2049 c787 | a003 0000 | 0000 0000 
  0x000001f3e2c99de0: 49c7 87b0 | 0300 0000 | 0000 0049 | c787 a803 | 0000 0000 | 0000 c5f8 | 7749 837f | 0800 0f84 
  0x000001f3e2c99e00: 0500 0000 | e9b7 70fe | ff4c 8b6d | c04c 8b75 | c84e 8d74 | f500 c348 | 8b4d d041 | 0fb7 5501 
  0x000001f3e2c99e20: 488b 4930 | 6bd2 1848 | 8d4c 1108 | 488b 1948 | 8b5b 0848 | 8b5b 0848 | 8b5b 1880 | bb31 0100 
  0x000001f3e2c99e40: 0004 0f84 | 0d00 0000 | 4c3b bb38 | 0100 000f | 851a ffff | ff0f b651 | 1548 8b19 | 4c89 6dc0 
  0x000001f3e2c99e60: 448b ea0f | b651 1449 | ba60 3520 | d2fe 7f00 | 0049 8b14 | d252 418b | d54c 8b6d | c048 8b45 
  0x000001f3e2c99e80: d848 85c0 | 0f84 1200 | 0000 4883 | 4008 0148 | 8358 0800 | 4883 c010 | 4889 45d8 | 488b 45d8 
  0x000001f3e2c99ea0: 4885 c00f | 843d 0100 | 0080 78f0 | 0a0f 8533 | 0100 0048 | 83c0 084c | 8b68 f841 | 83ed 0041 
  0x000001f3e2c99ec0: 83fd 020f | 8c12 0100 | 004c 8b6b | 0845 0fb7 | 6d2e 4c2b | 2841 83ed | 014e 8b6c | ec08 4d85 
  0x000001f3e2c99ee0: ed75 0ef6 | 4008 0175 | 58f0 4883 | 4808 01eb | 5045 8b6d | 0849 ba00 | 0000 80f3 | 0100 004d 
  0x000001f3e2c99f00: 03ea 4d8b | d54c 3368 | 0849 f7c5 | fcff ffff | 742f 41f6 | c502 7529 | 4883 7808 | 0074 1e48 
  0x000001f3e2c99f20: 8378 0801 | 7417 4d8b | ea4c 3368 | 0849 f7c5 | fcff ffff | 740b 4883 | 4808 02eb | 044c 8968 
  0x000001f3e2c99f40: 0848 83c0 | 104c 8b68 | e841 83ed | 0241 83fd | 020f 8c84 | 0000 004c | 8b6b 0845 | 0fb7 6d2e 
  0x000001f3e2c99f60: 4c2b 2841 | 83ed 014e | 8b6c ec08 | 4d85 ed75 | 0ef6 4008 | 0175 58f0 | 4883 4808 | 01eb 5045 
  0x000001f3e2c99f80: 8b6d 0849 | ba00 0000 | 80f3 0100 | 004d 03ea | 4d8b d54c | 3368 0849 | f7c5 fcff | ffff 742f 
  0x000001f3e2c99fa0: 41f6 c502 | 7529 4883 | 7808 0074 | 1e48 8378 | 0801 7417 | 4d8b ea4c | 3368 0849 | f7c5 fcff 
  0x000001f3e2c99fc0: ffff 740b | 4883 4808 | 02eb 044c | 8968 0848 | 83c0 104c | 8b68 d841 | 83ed 0441 | c1e5 0349 
  0x000001f3e2c99fe0: 03c5 4889 | 45d8 4c8d | 6c24 0849 | 8bcd 482b | cd48 c1f9 | 0348 894d | f0ff 6350 | 0f1f 4000 
[/MachCode]

---------------  P R O C E S S  ---------------

Threads class SMR info:
_java_thread_list=0x000001f3c56467d0, length=16, elements={
0x000001f3d015c540, 0x000001f3f2e6ca30, 0x000001f3f2e6e800, 0x000001f3f2e71c50,
0x000001f3f2e726b0, 0x000001f3f2e75250, 0x000001f3f2e798b0, 0x000001f3f2e83270,
0x000001f3f2e83d20, 0x000001f3c50c8ee0, 0x000001f3c50d5250, 0x000001f3c5175990,
0x000001f3c53ce230, 0x000001f3c5408b60, 0x000001f3c5641220, 0x000001f3c5638940
}

Java Threads: ( => current thread )
=>0x000001f3d015c540 JavaThread "main"                              [_thread_in_vm, id=39740, stack(0x00000009c8000000,0x00000009c8100000) (1024K)]
  0x000001f3f2e6ca30 JavaThread "Reference Handler"          daemon [_thread_blocked, id=10444, stack(0x00000009c8800000,0x00000009c8900000) (1024K)]
  0x000001f3f2e6e800 JavaThread "Finalizer"                  daemon [_thread_blocked, id=7564, stack(0x00000009c8900000,0x00000009c8a00000) (1024K)]
  0x000001f3f2e71c50 JavaThread "Signal Dispatcher"          daemon [_thread_blocked, id=10712, stack(0x00000009c8a00000,0x00000009c8b00000) (1024K)]
  0x000001f3f2e726b0 JavaThread "Attach Listener"            daemon [_thread_blocked, id=29468, stack(0x00000009c8b00000,0x00000009c8c00000) (1024K)]
  0x000001f3f2e75250 JavaThread "Service Thread"             daemon [_thread_blocked, id=21428, stack(0x00000009c8c00000,0x00000009c8d00000) (1024K)]
  0x000001f3f2e798b0 JavaThread "Monitor Deflation Thread"   daemon [_thread_blocked, id=35060, stack(0x00000009c8d00000,0x00000009c8e00000) (1024K)]
  0x000001f3f2e83270 JavaThread "C2 CompilerThread0"         daemon [_thread_blocked, id=16560, stack(0x00000009c8e00000,0x00000009c8f00000) (1024K)]
  0x000001f3f2e83d20 JavaThread "C1 CompilerThread0"         daemon [_thread_blocked, id=19860, stack(0x00000009c8f00000,0x00000009c9000000) (1024K)]
  0x000001f3c50c8ee0 JavaThread "C1 CompilerThread1"         daemon [_thread_blocked, id=7608, stack(0x00000009c9000000,0x00000009c9100000) (1024K)]
  0x000001f3c50d5250 JavaThread "Common-Cleaner"             daemon [_thread_blocked, id=33444, stack(0x00000009c9100000,0x00000009c9200000) (1024K)]
  0x000001f3c5175990 JavaThread "C2 CompilerThread1"         daemon [_thread_blocked, id=34684, stack(0x00000009c9200000,0x00000009c9300000) (1024K)]
  0x000001f3c53ce230 JavaThread "Monitor Ctrl-Break"         daemon [_thread_in_native, id=40812, stack(0x00000009c9300000,0x00000009c9400000) (1024K)]
  0x000001f3c5408b60 JavaThread "Notification Thread"        daemon [_thread_blocked, id=24124, stack(0x00000009c9400000,0x00000009c9500000) (1024K)]
  0x000001f3c5641220 JavaThread "C1 CompilerThread2"         daemon [_thread_blocked, id=40132, stack(0x00000009c9500000,0x00000009c9600000) (1024K)]
  0x000001f3c5638940 JavaThread "C1 CompilerThread3"         daemon [_thread_blocked, id=11228, stack(0x00000009c9600000,0x00000009c9700000) (1024K)]
Total: 16

Other Threads:
  0x000001f3f2e54a60 VMThread "VM Thread"                           [id=3752, stack(0x00000009c8700000,0x00000009c8800000) (1024K)]
  0x000001f3f2e3c740 WatcherThread "VM Periodic Task Thread"        [id=1636, stack(0x00000009c8600000,0x00000009c8700000) (1024K)]
  0x000001f3d31773b0 WorkerThread "GC Thread#0"                     [id=17568, stack(0x00000009c8100000,0x00000009c8200000) (1024K)]
  0x000001f3d318ba20 ConcurrentGCThread "G1 Main Marker"            [id=39916, stack(0x00000009c8200000,0x00000009c8300000) (1024K)]
  0x000001f3d318ccd0 WorkerThread "G1 Conc#0"                       [id=19396, stack(0x00000009c8300000,0x00000009c8400000) (1024K)]
  0x000001f3f2d0d260 ConcurrentGCThread "G1 Refine#0"               [id=34896, stack(0x00000009c8400000,0x00000009c8500000) (1024K)]
  0x000001f3f2d0dde0 ConcurrentGCThread "G1 Service"                [id=5860, stack(0x00000009c8500000,0x00000009c8600000) (1024K)]
Total: 7

Threads with active compile tasks:
Total: 0

VM state: not at safepoint (normal execution)

VM Mutex/Monitor currently owned by a thread:  ([mutex/lock_event])
[0x00007ffed21f1890] Metaspace_lock - owner thread: 0x000001f3d015c540

Heap address: 0x0000000709400000, size: 3948 MB, Compressed Oops mode: Zero based, Oop shift amount: 3

CDS archive(s) mapped at: [0x000001f380000000-0x000001f380d70000-0x000001f380d70000), size 14090240, SharedBaseAddress: 0x000001f380000000, ArchiveRelocationMode: 1.
Compressed class space mapped at: 0x000001f381000000-0x000001f3c1000000, reserved size: 1073741824
Narrow klass base: 0x000001f380000000, Narrow klass shift: 0, Narrow klass range: 0x41000000

GC Precious Log:
 CardTable entry size: 512
 Card Set container configuration: InlinePtr #cards 4 size 8 Array Of Cards #cards 16 size 48 Howl #buckets 8 coarsen threshold 3686 Howl Bitmap #cards 512 size 80 coarsen threshold 460 Card regions per heap region 1 cards per card region 4096
 CPUs: 16 total, 16 available
 Memory: 15791M
 Large Page Support: Disabled
 NUMA Support: Disabled
 Compressed Oops: Enabled (Zero based)
 Heap Region Size: 2M
 Heap Min Capacity: 8M
 Heap Initial Capacity: 248M
 Heap Max Capacity: 3948M
 Pre-touch: Disabled
 Parallel Workers: 13
 Concurrent Workers: 3
 Concurrent Refinement Workers: 13
 Periodic GC: Disabled

Heap:
 garbage-first heap   total reserved 4042752K, committed 253952K, used 10240K [0x0000000709400000, 0x0000000800000000)
  region size 2048K, 7 young (14336K), 0 survivors (0K)
 Metaspace       used 3670K, committed 3776K, reserved 1114112K
  class space    used 380K, committed 448K, reserved 1048576K

Heap Regions: E=young(eden), S=young(survivor), O=old, HS=humongous(starts), HC=humongous(continues), CS=collection set, F=free, TAMS=top-at-mark-start, PB=parsable bottom
|   0|0x0000000709400000, 0x0000000709400000, 0x0000000709600000|  0%| F|  |TAMS 0x0000000709400000| PB 0x0000000709400000| Untracked |  0
|   1|0x0000000709600000, 0x0000000709600000, 0x0000000709800000|  0%| F|  |TAMS 0x0000000709600000| PB 0x0000000709600000| Untracked |  0
|   2|0x0000000709800000, 0x0000000709800000, 0x0000000709a00000|  0%| F|  |TAMS 0x0000000709800000| PB 0x0000000709800000| Untracked |  0
|   3|0x0000000709a00000, 0x0000000709a00000, 0x0000000709c00000|  0%| F|  |TAMS 0x0000000709a00000| PB 0x0000000709a00000| Untracked |  0
|   4|0x0000000709c00000, 0x0000000709c00000, 0x0000000709e00000|  0%| F|  |TAMS 0x0000000709c00000| PB 0x0000000709c00000| Untracked |  0
|   5|0x0000000709e00000, 0x0000000709e00000, 0x000000070a000000|  0%| F|  |TAMS 0x0000000709e00000| PB 0x0000000709e00000| Untracked |  0
|   6|0x000000070a000000, 0x000000070a000000, 0x000000070a200000|  0%| F|  |TAMS 0x000000070a000000| PB 0x000000070a000000| Untracked |  0
|   7|0x000000070a200000, 0x000000070a200000, 0x000000070a400000|  0%| F|  |TAMS 0x000000070a200000| PB 0x000000070a200000| Untracked |  0
|   8|0x000000070a400000, 0x000000070a400000, 0x000000070a600000|  0%| F|  |TAMS 0x000000070a400000| PB 0x000000070a400000| Untracked |  0
|   9|0x000000070a600000, 0x000000070a600000, 0x000000070a800000|  0%| F|  |TAMS 0x000000070a600000| PB 0x000000070a600000| Untracked |  0
|  10|0x000000070a800000, 0x000000070a800000, 0x000000070aa00000|  0%| F|  |TAMS 0x000000070a800000| PB 0x000000070a800000| Untracked |  0
|  11|0x000000070aa00000, 0x000000070aa00000, 0x000000070ac00000|  0%| F|  |TAMS 0x000000070aa00000| PB 0x000000070aa00000| Untracked |  0
|  12|0x000000070ac00000, 0x000000070ac00000, 0x000000070ae00000|  0%| F|  |TAMS 0x000000070ac00000| PB 0x000000070ac00000| Untracked |  0
|  13|0x000000070ae00000, 0x000000070ae00000, 0x000000070b000000|  0%| F|  |TAMS 0x000000070ae00000| PB 0x000000070ae00000| Untracked |  0
|  14|0x000000070b000000, 0x000000070b000000, 0x000000070b200000|  0%| F|  |TAMS 0x000000070b000000| PB 0x000000070b000000| Untracked |  0
|  15|0x000000070b200000, 0x000000070b200000, 0x000000070b400000|  0%| F|  |TAMS 0x000000070b200000| PB 0x000000070b200000| Untracked |  0
|  16|0x000000070b400000, 0x000000070b400000, 0x000000070b600000|  0%| F|  |TAMS 0x000000070b400000| PB 0x000000070b400000| Untracked |  0
|  17|0x000000070b600000, 0x000000070b600000, 0x000000070b800000|  0%| F|  |TAMS 0x000000070b600000| PB 0x000000070b600000| Untracked |  0
|  18|0x000000070b800000, 0x000000070b800000, 0x000000070ba00000|  0%| F|  |TAMS 0x000000070b800000| PB 0x000000070b800000| Untracked |  0
|  19|0x000000070ba00000, 0x000000070ba00000, 0x000000070bc00000|  0%| F|  |TAMS 0x000000070ba00000| PB 0x000000070ba00000| Untracked |  0
|  20|0x000000070bc00000, 0x000000070bc00000, 0x000000070be00000|  0%| F|  |TAMS 0x000000070bc00000| PB 0x000000070bc00000| Untracked |  0
|  21|0x000000070be00000, 0x000000070be00000, 0x000000070c000000|  0%| F|  |TAMS 0x000000070be00000| PB 0x000000070be00000| Untracked |  0
|  22|0x000000070c000000, 0x000000070c000000, 0x000000070c200000|  0%| F|  |TAMS 0x000000070c000000| PB 0x000000070c000000| Untracked |  0
|  23|0x000000070c200000, 0x000000070c200000, 0x000000070c400000|  0%| F|  |TAMS 0x000000070c200000| PB 0x000000070c200000| Untracked |  0
|  24|0x000000070c400000, 0x000000070c400000, 0x000000070c600000|  0%| F|  |TAMS 0x000000070c400000| PB 0x000000070c400000| Untracked |  0
|  25|0x000000070c600000, 0x000000070c600000, 0x000000070c800000|  0%| F|  |TAMS 0x000000070c600000| PB 0x000000070c600000| Untracked |  0
|  26|0x000000070c800000, 0x000000070c800000, 0x000000070ca00000|  0%| F|  |TAMS 0x000000070c800000| PB 0x000000070c800000| Untracked |  0
|  27|0x000000070ca00000, 0x000000070ca00000, 0x000000070cc00000|  0%| F|  |TAMS 0x000000070ca00000| PB 0x000000070ca00000| Untracked |  0
|  28|0x000000070cc00000, 0x000000070cc00000, 0x000000070ce00000|  0%| F|  |TAMS 0x000000070cc00000| PB 0x000000070cc00000| Untracked |  0
|  29|0x000000070ce00000, 0x000000070ce00000, 0x000000070d000000|  0%| F|  |TAMS 0x000000070ce00000| PB 0x000000070ce00000| Untracked |  0
|  30|0x000000070d000000, 0x000000070d000000, 0x000000070d200000|  0%| F|  |TAMS 0x000000070d000000| PB 0x000000070d000000| Untracked |  0
|  31|0x000000070d200000, 0x000000070d200000, 0x000000070d400000|  0%| F|  |TAMS 0x000000070d200000| PB 0x000000070d200000| Untracked |  0
|  32|0x000000070d400000, 0x000000070d400000, 0x000000070d600000|  0%| F|  |TAMS 0x000000070d400000| PB 0x000000070d400000| Untracked |  0
|  33|0x000000070d600000, 0x000000070d600000, 0x000000070d800000|  0%| F|  |TAMS 0x000000070d600000| PB 0x000000070d600000| Untracked |  0
|  34|0x000000070d800000, 0x000000070d800000, 0x000000070da00000|  0%| F|  |TAMS 0x000000070d800000| PB 0x000000070d800000| Untracked |  0
|  35|0x000000070da00000, 0x000000070da00000, 0x000000070dc00000|  0%| F|  |TAMS 0x000000070da00000| PB 0x000000070da00000| Untracked |  0
|  36|0x000000070dc00000, 0x000000070dc00000, 0x000000070de00000|  0%| F|  |TAMS 0x000000070dc00000| PB 0x000000070dc00000| Untracked |  0
|  37|0x000000070de00000, 0x000000070de00000, 0x000000070e000000|  0%| F|  |TAMS 0x000000070de00000| PB 0x000000070de00000| Untracked |  0
|  38|0x000000070e000000, 0x000000070e000000, 0x000000070e200000|  0%| F|  |TAMS 0x000000070e000000| PB 0x000000070e000000| Untracked |  0
|  39|0x000000070e200000, 0x000000070e200000, 0x000000070e400000|  0%| F|  |TAMS 0x000000070e200000| PB 0x000000070e200000| Untracked |  0
|  40|0x000000070e400000, 0x000000070e400000, 0x000000070e600000|  0%| F|  |TAMS 0x000000070e400000| PB 0x000000070e400000| Untracked |  0
|  41|0x000000070e600000, 0x000000070e600000, 0x000000070e800000|  0%| F|  |TAMS 0x000000070e600000| PB 0x000000070e600000| Untracked |  0
|  42|0x000000070e800000, 0x000000070e800000, 0x000000070ea00000|  0%| F|  |TAMS 0x000000070e800000| PB 0x000000070e800000| Untracked |  0
|  43|0x000000070ea00000, 0x000000070ea00000, 0x000000070ec00000|  0%| F|  |TAMS 0x000000070ea00000| PB 0x000000070ea00000| Untracked |  0
|  44|0x000000070ec00000, 0x000000070ec00000, 0x000000070ee00000|  0%| F|  |TAMS 0x000000070ec00000| PB 0x000000070ec00000| Untracked |  0
|  45|0x000000070ee00000, 0x000000070ee00000, 0x000000070f000000|  0%| F|  |TAMS 0x000000070ee00000| PB 0x000000070ee00000| Untracked |  0
|  46|0x000000070f000000, 0x000000070f000000, 0x000000070f200000|  0%| F|  |TAMS 0x000000070f000000| PB 0x000000070f000000| Untracked |  0
|  47|0x000000070f200000, 0x000000070f200000, 0x000000070f400000|  0%| F|  |TAMS 0x000000070f200000| PB 0x000000070f200000| Untracked |  0
|  48|0x000000070f400000, 0x000000070f400000, 0x000000070f600000|  0%| F|  |TAMS 0x000000070f400000| PB 0x000000070f400000| Untracked |  0
|  49|0x000000070f600000, 0x000000070f600000, 0x000000070f800000|  0%| F|  |TAMS 0x000000070f600000| PB 0x000000070f600000| Untracked |  0
|  50|0x000000070f800000, 0x000000070f800000, 0x000000070fa00000|  0%| F|  |TAMS 0x000000070f800000| PB 0x000000070f800000| Untracked |  0
|  51|0x000000070fa00000, 0x000000070fa00000, 0x000000070fc00000|  0%| F|  |TAMS 0x000000070fa00000| PB 0x000000070fa00000| Untracked |  0
|  52|0x000000070fc00000, 0x000000070fc00000, 0x000000070fe00000|  0%| F|  |TAMS 0x000000070fc00000| PB 0x000000070fc00000| Untracked |  0
|  53|0x000000070fe00000, 0x000000070fe00000, 0x0000000710000000|  0%| F|  |TAMS 0x000000070fe00000| PB 0x000000070fe00000| Untracked |  0
|  54|0x0000000710000000, 0x0000000710000000, 0x0000000710200000|  0%| F|  |TAMS 0x0000000710000000| PB 0x0000000710000000| Untracked |  0
|  55|0x0000000710200000, 0x0000000710200000, 0x0000000710400000|  0%| F|  |TAMS 0x0000000710200000| PB 0x0000000710200000| Untracked |  0
|  56|0x0000000710400000, 0x0000000710400000, 0x0000000710600000|  0%| F|  |TAMS 0x0000000710400000| PB 0x0000000710400000| Untracked |  0
|  57|0x0000000710600000, 0x0000000710600000, 0x0000000710800000|  0%| F|  |TAMS 0x0000000710600000| PB 0x0000000710600000| Untracked |  0
|  58|0x0000000710800000, 0x0000000710800000, 0x0000000710a00000|  0%| F|  |TAMS 0x0000000710800000| PB 0x0000000710800000| Untracked |  0
|  59|0x0000000710a00000, 0x0000000710a00000, 0x0000000710c00000|  0%| F|  |TAMS 0x0000000710a00000| PB 0x0000000710a00000| Untracked |  0
|  60|0x0000000710c00000, 0x0000000710c00000, 0x0000000710e00000|  0%| F|  |TAMS 0x0000000710c00000| PB 0x0000000710c00000| Untracked |  0
|  61|0x0000000710e00000, 0x0000000710e00000, 0x0000000711000000|  0%| F|  |TAMS 0x0000000710e00000| PB 0x0000000710e00000| Untracked |  0
|  62|0x0000000711000000, 0x0000000711000000, 0x0000000711200000|  0%| F|  |TAMS 0x0000000711000000| PB 0x0000000711000000| Untracked |  0
|  63|0x0000000711200000, 0x0000000711200000, 0x0000000711400000|  0%| F|  |TAMS 0x0000000711200000| PB 0x0000000711200000| Untracked |  0
|  64|0x0000000711400000, 0x0000000711400000, 0x0000000711600000|  0%| F|  |TAMS 0x0000000711400000| PB 0x0000000711400000| Untracked |  0
|  65|0x0000000711600000, 0x0000000711600000, 0x0000000711800000|  0%| F|  |TAMS 0x0000000711600000| PB 0x0000000711600000| Untracked |  0
|  66|0x0000000711800000, 0x0000000711800000, 0x0000000711a00000|  0%| F|  |TAMS 0x0000000711800000| PB 0x0000000711800000| Untracked |  0
|  67|0x0000000711a00000, 0x0000000711a00000, 0x0000000711c00000|  0%| F|  |TAMS 0x0000000711a00000| PB 0x0000000711a00000| Untracked |  0
|  68|0x0000000711c00000, 0x0000000711c00000, 0x0000000711e00000|  0%| F|  |TAMS 0x0000000711c00000| PB 0x0000000711c00000| Untracked |  0
|  69|0x0000000711e00000, 0x0000000711e00000, 0x0000000712000000|  0%| F|  |TAMS 0x0000000711e00000| PB 0x0000000711e00000| Untracked |  0
|  70|0x0000000712000000, 0x0000000712000000, 0x0000000712200000|  0%| F|  |TAMS 0x0000000712000000| PB 0x0000000712000000| Untracked |  0
|  71|0x0000000712200000, 0x0000000712200000, 0x0000000712400000|  0%| F|  |TAMS 0x0000000712200000| PB 0x0000000712200000| Untracked |  0
|  72|0x0000000712400000, 0x0000000712400000, 0x0000000712600000|  0%| F|  |TAMS 0x0000000712400000| PB 0x0000000712400000| Untracked |  0
|  73|0x0000000712600000, 0x0000000712600000, 0x0000000712800000|  0%| F|  |TAMS 0x0000000712600000| PB 0x0000000712600000| Untracked |  0
|  74|0x0000000712800000, 0x0000000712800000, 0x0000000712a00000|  0%| F|  |TAMS 0x0000000712800000| PB 0x0000000712800000| Untracked |  0
|  75|0x0000000712a00000, 0x0000000712a00000, 0x0000000712c00000|  0%| F|  |TAMS 0x0000000712a00000| PB 0x0000000712a00000| Untracked |  0
|  76|0x0000000712c00000, 0x0000000712c00000, 0x0000000712e00000|  0%| F|  |TAMS 0x0000000712c00000| PB 0x0000000712c00000| Untracked |  0
|  77|0x0000000712e00000, 0x0000000712e00000, 0x0000000713000000|  0%| F|  |TAMS 0x0000000712e00000| PB 0x0000000712e00000| Untracked |  0
|  78|0x0000000713000000, 0x0000000713000000, 0x0000000713200000|  0%| F|  |TAMS 0x0000000713000000| PB 0x0000000713000000| Untracked |  0
|  79|0x0000000713200000, 0x0000000713200000, 0x0000000713400000|  0%| F|  |TAMS 0x0000000713200000| PB 0x0000000713200000| Untracked |  0
|  80|0x0000000713400000, 0x0000000713400000, 0x0000000713600000|  0%| F|  |TAMS 0x0000000713400000| PB 0x0000000713400000| Untracked |  0
|  81|0x0000000713600000, 0x0000000713600000, 0x0000000713800000|  0%| F|  |TAMS 0x0000000713600000| PB 0x0000000713600000| Untracked |  0
|  82|0x0000000713800000, 0x0000000713800000, 0x0000000713a00000|  0%| F|  |TAMS 0x0000000713800000| PB 0x0000000713800000| Untracked |  0
|  83|0x0000000713a00000, 0x0000000713a00000, 0x0000000713c00000|  0%| F|  |TAMS 0x0000000713a00000| PB 0x0000000713a00000| Untracked |  0
|  84|0x0000000713c00000, 0x0000000713c00000, 0x0000000713e00000|  0%| F|  |TAMS 0x0000000713c00000| PB 0x0000000713c00000| Untracked |  0
|  85|0x0000000713e00000, 0x0000000713e00000, 0x0000000714000000|  0%| F|  |TAMS 0x0000000713e00000| PB 0x0000000713e00000| Untracked |  0
|  86|0x0000000714000000, 0x0000000714000000, 0x0000000714200000|  0%| F|  |TAMS 0x0000000714000000| PB 0x0000000714000000| Untracked |  0
|  87|0x0000000714200000, 0x0000000714200000, 0x0000000714400000|  0%| F|  |TAMS 0x0000000714200000| PB 0x0000000714200000| Untracked |  0
|  88|0x0000000714400000, 0x0000000714400000, 0x0000000714600000|  0%| F|  |TAMS 0x0000000714400000| PB 0x0000000714400000| Untracked |  0
|  89|0x0000000714600000, 0x0000000714600000, 0x0000000714800000|  0%| F|  |TAMS 0x0000000714600000| PB 0x0000000714600000| Untracked |  0
|  90|0x0000000714800000, 0x0000000714800000, 0x0000000714a00000|  0%| F|  |TAMS 0x0000000714800000| PB 0x0000000714800000| Untracked |  0
|  91|0x0000000714a00000, 0x0000000714a00000, 0x0000000714c00000|  0%| F|  |TAMS 0x0000000714a00000| PB 0x0000000714a00000| Untracked |  0
|  92|0x0000000714c00000, 0x0000000714c00000, 0x0000000714e00000|  0%| F|  |TAMS 0x0000000714c00000| PB 0x0000000714c00000| Untracked |  0
|  93|0x0000000714e00000, 0x0000000714e00000, 0x0000000715000000|  0%| F|  |TAMS 0x0000000714e00000| PB 0x0000000714e00000| Untracked |  0
|  94|0x0000000715000000, 0x0000000715000000, 0x0000000715200000|  0%| F|  |TAMS 0x0000000715000000| PB 0x0000000715000000| Untracked |  0
|  95|0x0000000715200000, 0x0000000715200000, 0x0000000715400000|  0%| F|  |TAMS 0x0000000715200000| PB 0x0000000715200000| Untracked |  0
|  96|0x0000000715400000, 0x0000000715400000, 0x0000000715600000|  0%| F|  |TAMS 0x0000000715400000| PB 0x0000000715400000| Untracked |  0
|  97|0x0000000715600000, 0x0000000715600000, 0x0000000715800000|  0%| F|  |TAMS 0x0000000715600000| PB 0x0000000715600000| Untracked |  0
|  98|0x0000000715800000, 0x0000000715800000, 0x0000000715a00000|  0%| F|  |TAMS 0x0000000715800000| PB 0x0000000715800000| Untracked |  0
|  99|0x0000000715a00000, 0x0000000715a00000, 0x0000000715c00000|  0%| F|  |TAMS 0x0000000715a00000| PB 0x0000000715a00000| Untracked |  0
| 100|0x0000000715c00000, 0x0000000715c00000, 0x0000000715e00000|  0%| F|  |TAMS 0x0000000715c00000| PB 0x0000000715c00000| Untracked |  0
| 101|0x0000000715e00000, 0x0000000715e00000, 0x0000000716000000|  0%| F|  |TAMS 0x0000000715e00000| PB 0x0000000715e00000| Untracked |  0
| 102|0x0000000716000000, 0x0000000716000000, 0x0000000716200000|  0%| F|  |TAMS 0x0000000716000000| PB 0x0000000716000000| Untracked |  0
| 103|0x0000000716200000, 0x0000000716200000, 0x0000000716400000|  0%| F|  |TAMS 0x0000000716200000| PB 0x0000000716200000| Untracked |  0
| 104|0x0000000716400000, 0x0000000716400000, 0x0000000716600000|  0%| F|  |TAMS 0x0000000716400000| PB 0x0000000716400000| Untracked |  0
| 105|0x0000000716600000, 0x0000000716600000, 0x0000000716800000|  0%| F|  |TAMS 0x0000000716600000| PB 0x0000000716600000| Untracked |  0
| 106|0x0000000716800000, 0x0000000716800000, 0x0000000716a00000|  0%| F|  |TAMS 0x0000000716800000| PB 0x0000000716800000| Untracked |  0
| 107|0x0000000716a00000, 0x0000000716a00000, 0x0000000716c00000|  0%| F|  |TAMS 0x0000000716a00000| PB 0x0000000716a00000| Untracked |  0
| 108|0x0000000716c00000, 0x0000000716c00000, 0x0000000716e00000|  0%| F|  |TAMS 0x0000000716c00000| PB 0x0000000716c00000| Untracked |  0
| 109|0x0000000716e00000, 0x0000000716e00000, 0x0000000717000000|  0%| F|  |TAMS 0x0000000716e00000| PB 0x0000000716e00000| Untracked |  0
| 110|0x0000000717000000, 0x0000000717000000, 0x0000000717200000|  0%| F|  |TAMS 0x0000000717000000| PB 0x0000000717000000| Untracked |  0
| 111|0x0000000717200000, 0x0000000717200000, 0x0000000717400000|  0%| F|  |TAMS 0x0000000717200000| PB 0x0000000717200000| Untracked |  0
| 112|0x0000000717400000, 0x0000000717400000, 0x0000000717600000|  0%| F|  |TAMS 0x0000000717400000| PB 0x0000000717400000| Untracked |  0
| 113|0x0000000717600000, 0x0000000717600000, 0x0000000717800000|  0%| F|  |TAMS 0x0000000717600000| PB 0x0000000717600000| Untracked |  0
| 114|0x0000000717800000, 0x0000000717800000, 0x0000000717a00000|  0%| F|  |TAMS 0x0000000717800000| PB 0x0000000717800000| Untracked |  0
| 115|0x0000000717a00000, 0x0000000717a00000, 0x0000000717c00000|  0%| F|  |TAMS 0x0000000717a00000| PB 0x0000000717a00000| Untracked |  0
| 116|0x0000000717c00000, 0x0000000717c00000, 0x0000000717e00000|  0%| F|  |TAMS 0x0000000717c00000| PB 0x0000000717c00000| Untracked |  0
| 117|0x0000000717e00000, 0x0000000717f75e40, 0x0000000718000000| 73%| E|  |TAMS 0x0000000717e00000| PB 0x0000000717e00000| Complete |  0
| 118|0x0000000718000000, 0x0000000718200000, 0x0000000718200000|100%| E|CS|TAMS 0x0000000718000000| PB 0x0000000718000000| Complete |  0
| 119|0x0000000718200000, 0x0000000718400000, 0x0000000718400000|100%| E|  |TAMS 0x0000000718200000| PB 0x0000000718200000| Complete |  0
| 120|0x0000000718400000, 0x0000000718600000, 0x0000000718600000|100%| E|CS|TAMS 0x0000000718400000| PB 0x0000000718400000| Complete |  0
| 121|0x0000000718600000, 0x0000000718800000, 0x0000000718800000|100%| E|CS|TAMS 0x0000000718600000| PB 0x0000000718600000| Complete |  0
| 122|0x0000000718800000, 0x0000000718a00000, 0x0000000718a00000|100%| E|CS|TAMS 0x0000000718800000| PB 0x0000000718800000| Complete |  0
| 123|0x0000000718a00000, 0x0000000718c00000, 0x0000000718c00000|100%| E|CS|TAMS 0x0000000718a00000| PB 0x0000000718a00000| Complete |  0

Card table byte_map: [0x000001f3eb990000,0x000001f3ec150000] _byte_map_base: 0x000001f3e8146000

Marking Bits: (CMBitMap*) 0x000001f3d3177ac0
 Bits: [0x000001f3ec150000, 0x000001f3eff00000)

Polling page: 0x000001f3d0b40000

Metaspace:

Usage:
  Non-class:      3.21 MB used.
      Class:    380.12 KB used.
       Both:      3.58 MB used.

Virtual space:
  Non-class space:       64.00 MB reserved,       3.25 MB (  5%) committed,  1 nodes.
      Class space:        1.00 GB reserved,     448.00 KB ( <1%) committed,  1 nodes.
             Both:        1.06 GB reserved,       3.69 MB ( <1%) committed. 

Chunk freelists:
   Non-Class:  10.69 MB
       Class:  15.52 MB
        Both:  26.20 MB

MaxMetaspaceSize: unlimited
CompressedClassSpaceSize: 1.00 GB
Initial GC threshold: 21.00 MB
Current GC threshold: 21.00 MB
CDS: on
 - commit_granule_bytes: 65536.
 - commit_granule_words: 8192.
 - virtual_space_node_default_size: 8388608.
 - enlarge_chunks_in_place: 1.
 - use_allocation_guard: 0.


Internal statistics:

num_allocs_failed_limit: 0.
num_arena_births: 102.
num_arena_deaths: 0.
num_vsnodes_births: 2.
num_vsnodes_deaths: 0.
num_space_committed: 59.
num_space_uncommitted: 0.
num_chunks_returned_to_freelist: 0.
num_chunks_taken_from_freelist: 208.
num_chunk_merges: 0.
num_chunk_splits: 116.
num_chunks_enlarged: 53.
num_inconsistent_stats: 0.

CodeHeap 'non-profiled nmethods': size=119232Kb used=299Kb max_used=299Kb free=118932Kb
 bounds [0x000001f3e33c0000, 0x000001f3e3630000, 0x000001f3ea830000]
CodeHeap 'profiled nmethods': size=119104Kb used=1296Kb max_used=1296Kb free=117807Kb
 bounds [0x000001f3db830000, 0x000001f3dbaa0000, 0x000001f3e2c80000]
CodeHeap 'non-nmethods': size=7424Kb used=3052Kb max_used=3068Kb free=4371Kb
 bounds [0x000001f3e2c80000, 0x000001f3e2f90000, 0x000001f3e33c0000]
CodeCache: size=245760Kb, used=4647Kb, max_used=4663Kb, free=241110Kb
 total_blobs=1459, nmethods=983, adapters=379, full_count=0
Compilation: enabled, stopped_count=0, restarted_count=0

Compilation events (20 events):
Event: 0.419 Thread 0x000001f3c5638940 nmethod 974 0x000001f3db96c708 code [0x000001f3db96c820, 0x000001f3db96c960]
Event: 0.419 Thread 0x000001f3c5638940  979   !   3       jdk.internal.loader.Resource::getBytes (244 bytes)
Event: 0.419 Thread 0x000001f3f2e83d20 nmethod 968 0x000001f3db96ca08 code [0x000001f3db96cd00, 0x000001f3db96e1b8]
Event: 0.420 Thread 0x000001f3c5641220 nmethod 975 0x000001f3db96e288 code [0x000001f3db96e480, 0x000001f3db96ed80]
Event: 0.420 Thread 0x000001f3c5175990 nmethod 973 0x000001f3e340a208 code [0x000001f3e340a300, 0x000001f3e340a398]
Event: 0.420 Thread 0x000001f3f2e83d20  977       3       java.lang.ClassLoader::getDefinedPackage (36 bytes)
Event: 0.420 Thread 0x000001f3c50c8ee0 nmethod 976 0x000001f3db96ee08 code [0x000001f3db96f0e0, 0x000001f3db970228]
Event: 0.420 Thread 0x000001f3c5641220  978       3       jdk.internal.loader.Resource::getByteBuffer (24 bytes)
Event: 0.420 Thread 0x000001f3f2e83d20 nmethod 977 0x000001f3db970308 code [0x000001f3db970480, 0x000001f3db9709e0]
Event: 0.421 Thread 0x000001f3f2e83d20  980       3       java.util.zip.CRC32::<init> (5 bytes)
Event: 0.421 Thread 0x000001f3c5641220 nmethod 978 0x000001f3db970a88 code [0x000001f3db970be0, 0x000001f3db971330]
Event: 0.421 Thread 0x000001f3c50c8ee0  981       3       java.util.zip.CRC32::getValue (10 bytes)
Event: 0.421 Thread 0x000001f3f2e83d20 nmethod 980 0x000001f3db971388 code [0x000001f3db9714a0, 0x000001f3db971608]
Event: 0.421 Thread 0x000001f3c5641220  982       3       java.security.CodeSource::<init> (52 bytes)
Event: 0.421 Thread 0x000001f3c50c8ee0 nmethod 981 0x000001f3db971688 code [0x000001f3db9717a0, 0x000001f3db9718c0]
Event: 0.421 Thread 0x000001f3f2e83d20  983   !   3       java.lang.ClassLoader::addClass (27 bytes)
Event: 0.421 Thread 0x000001f3c5638940 nmethod 979 0x000001f3db971988 code [0x000001f3db971c20, 0x000001f3db973328]
Event: 0.421 Thread 0x000001f3f2e83270 nmethod 963 0x000001f3e340a508 code [0x000001f3e340a660, 0x000001f3e340adb0]
Event: 0.421 Thread 0x000001f3c5641220 nmethod 982 0x000001f3db973388 code [0x000001f3db9734e0, 0x000001f3db973a00]
Event: 0.421 Thread 0x000001f3f2e83d20 nmethod 983 0x000001f3db973a88 code [0x000001f3db973be0, 0x000001f3db974238]

GC Heap History (0 events):
No events

Dll operation events (10 events):
Event: 0.019 Loaded shared library C:\Program Files\Java\jdk-23\bin\java.dll
Event: 0.046 Loaded shared library C:\Program Files\Java\jdk-23\bin\jsvml.dll
Event: 0.126 Loaded shared library C:\Program Files\Java\jdk-23\bin\zip.dll
Event: 0.130 Loaded shared library C:\Program Files\Java\jdk-23\bin\instrument.dll
Event: 0.135 Loaded shared library C:\Program Files\Java\jdk-23\bin\net.dll
Event: 0.138 Loaded shared library C:\Program Files\Java\jdk-23\bin\nio.dll
Event: 0.141 Loaded shared library C:\Program Files\Java\jdk-23\bin\zip.dll
Event: 0.207 Loaded shared library C:\Users\rapha\AppData\Local\Programs\IntelliJ IDEA Community Edition\bin\breakgen64.dll
Event: 0.216 Loaded shared library C:\Program Files\Java\jdk-23\bin\extnet.dll
Event: 0.246 Loaded shared library C:\Program Files\Java\jdk-23\bin\jimage.dll

Deoptimization events (20 events):
Event: 0.249 Thread 0x000001f3d015c540 Uncommon trap: trap_request=0xffffff45 fr.pc=0x000001f3e33d5e60 relative=0x0000000000000060
Event: 0.249 Thread 0x000001f3d015c540 Uncommon trap: reason=unstable_if action=reinterpret pc=0x000001f3e33d5e60 method=java.io.WinNTFileSystem.isSlash(C)Z @ 9 c2
Event: 0.249 Thread 0x000001f3d015c540 DEOPT PACKING pc=0x000001f3e33d5e60 sp=0x00000009c80fdb20
Event: 0.249 Thread 0x000001f3d015c540 DEOPT UNPACKING pc=0x000001f3e2cd4402 sp=0x00000009c80fdaa8 mode 2
Event: 0.251 Thread 0x000001f3d015c540 DEOPT PACKING pc=0x000001f3db864186 sp=0x00000009c80fcf10
Event: 0.251 Thread 0x000001f3d015c540 DEOPT UNPACKING pc=0x000001f3e2cd4b22 sp=0x00000009c80fc3a0 mode 0
Event: 0.252 Thread 0x000001f3d015c540 DEOPT PACKING pc=0x000001f3db864186 sp=0x00000009c80f9760
Event: 0.252 Thread 0x000001f3d015c540 DEOPT UNPACKING pc=0x000001f3e2cd4b22 sp=0x00000009c80f8bf0 mode 0
Event: 0.282 Thread 0x000001f3d015c540 Uncommon trap: trap_request=0xffffff6e fr.pc=0x000001f3e33e3ea0 relative=0x0000000000000180
Event: 0.282 Thread 0x000001f3d015c540 Uncommon trap: reason=loop_limit_check action=maybe_recompile pc=0x000001f3e33e3ea0 method=java.lang.StringLatin1.lastIndexOf([BII)I @ 19 c2
Event: 0.282 Thread 0x000001f3d015c540 DEOPT PACKING pc=0x000001f3e33e3ea0 sp=0x00000009c80fcc40
Event: 0.282 Thread 0x000001f3d015c540 DEOPT UNPACKING pc=0x000001f3e2cd4402 sp=0x00000009c80fcbc0 mode 2
Event: 0.282 Thread 0x000001f3d015c540 Uncommon trap: trap_request=0xffffff45 fr.pc=0x000001f3e33d031c relative=0x000000000000085c
Event: 0.282 Thread 0x000001f3d015c540 Uncommon trap: reason=unstable_if action=reinterpret pc=0x000001f3e33d031c method=java.util.HashMap.putVal(ILjava/lang/Object;Ljava/lang/Object;ZZ)Ljava/lang/Object; @ 69 c2
Event: 0.282 Thread 0x000001f3d015c540 DEOPT PACKING pc=0x000001f3e33d031c sp=0x00000009c80fc760
Event: 0.282 Thread 0x000001f3d015c540 DEOPT UNPACKING pc=0x000001f3e2cd4402 sp=0x00000009c80fc710 mode 2
Event: 0.320 Thread 0x000001f3d015c540 DEOPT PACKING pc=0x000001f3db88af0d sp=0x00000009c80f9350
Event: 0.320 Thread 0x000001f3d015c540 DEOPT UNPACKING pc=0x000001f3e2cd4b22 sp=0x00000009c80f87a0 mode 0
Event: 0.408 Thread 0x000001f3d015c540 DEOPT PACKING pc=0x000001f3db8816bf sp=0x00000009c80fd660
Event: 0.408 Thread 0x000001f3d015c540 DEOPT UNPACKING pc=0x000001f3e2cd4b22 sp=0x00000009c80fcad8 mode 0

Classes loaded (20 events):
Event: 0.421 Loading class sun/reflect/generics/tree/TypeSignature
Event: 0.421 Loading class sun/reflect/generics/tree/ReturnType
Event: 0.421 Loading class sun/reflect/generics/tree/ReturnType done
Event: 0.421 Loading class sun/reflect/generics/tree/TypeSignature done
Event: 0.421 Loading class sun/reflect/generics/tree/BaseType done
Event: 0.421 Loading class sun/reflect/generics/tree/FieldTypeSignature done
Event: 0.421 Loading class sun/reflect/generics/tree/SimpleClassTypeSignature done
Event: 0.421 Loading class sun/reflect/generics/tree/ClassTypeSignature
Event: 0.422 Loading class sun/reflect/generics/tree/ClassTypeSignature done
Event: 0.422 Loading class sun/reflect/generics/scope/ClassScope
Event: 0.422 Loading class sun/reflect/generics/scope/Scope
Event: 0.422 Loading class sun/reflect/generics/scope/Scope done
Event: 0.422 Loading class sun/reflect/generics/scope/AbstractScope
Event: 0.422 Loading class sun/reflect/generics/scope/AbstractScope done
Event: 0.422 Loading class sun/reflect/generics/scope/ClassScope done
Event: 0.422 Loading class sun/reflect/generics/factory/CoreReflectionFactory
Event: 0.422 Loading class sun/reflect/generics/factory/GenericsFactory
Event: 0.422 Loading class sun/reflect/generics/factory/GenericsFactory done
Event: 0.422 Loading class sun/reflect/generics/factory/CoreReflectionFactory done
Event: 0.422 Loading class sun/reflect/generics/visitor/Reifier

Classes unloaded (0 events):
No events

Classes redefined (0 events):
No events

Internal exceptions (9 events):
Event: 0.202 Thread 0x000001f3d015c540 Exception <a 'java/lang/NoSuchMethodError'{0x000000071877bf58}: 'java.lang.Object java.lang.invoke.Invokers$Holder.invokeExact_MT(java.lang.Object, java.lang.Object, java.lang.Object, java.lang.Object, java.lang.Object)'> (0x000000071877bf58) 
thrown [s\open\src\hotspot\share\interpreter\linkResolver.cpp, line 796]
Event: 0.217 Thread 0x000001f3c53ce230 Exception <a 'java/lang/NoSuchMethodError'{0x00000007187bf5b8}: 'void java.lang.invoke.DirectMethodHandle$Holder.invokeStatic(java.lang.Object, java.lang.Object)'> (0x00000007187bf5b8) 
thrown [s\open\src\hotspot\share\interpreter\linkResolver.cpp, line 796]
Event: 0.284 Thread 0x000001f3d015c540 Exception <a 'java/lang/ClassNotFoundException'{0x00000007185ce660}: javax/smartcardio/CardPermission> (0x00000007185ce660) 
thrown [s\open\src\hotspot\share\classfile\systemDictionary.cpp, line 313]
Event: 0.286 Thread 0x000001f3d015c540 Exception <a 'java/io/FileNotFoundException'{0x00000007185dc8a0}> (0x00000007185dc8a0) 
thrown [s\open\src\hotspot\share\prims\jni.cpp, line 520]
Event: 0.307 Thread 0x000001f3d015c540 Exception <a 'java/lang/NoSuchMethodError'{0x000000071826ab28}: 'java.lang.Object java.lang.invoke.DirectMethodHandle$Holder.invokeSpecial(java.lang.Object, java.lang.Object, java.lang.Object, long, java.lang.Object)'> (0x000000071826ab28) 
thrown [s\open\src\hotspot\share\interpreter\linkResolver.cpp, line 796]
Event: 0.307 Thread 0x000001f3d015c540 Exception <a 'java/lang/NoSuchMethodError'{0x000000071826e4a0}: 'java.lang.Object java.lang.invoke.Invokers$Holder.linkToTargetMethod(java.lang.Object, long, java.lang.Object, java.lang.Object)'> (0x000000071826e4a0) 
thrown [s\open\src\hotspot\share\interpreter\linkResolver.cpp, line 796]
Event: 0.368 Thread 0x000001f3d015c540 Exception <a 'java/lang/NoSuchMethodError'{0x000000071807aef0}: 'void java.lang.invoke.DirectMethodHandle$Holder.invokeStatic(java.lang.Object, java.lang.Object, java.lang.Object, java.lang.Object)'> (0x000000071807aef0) 
thrown [s\open\src\hotspot\share\interpreter\linkResolver.cpp, line 796]
Event: 0.400 Thread 0x000001f3d015c540 Exception <a 'java/lang/NoSuchMethodError'{0x0000000717e6be70}: 'int java.lang.invoke.DirectMethodHandle$Holder.invokeStaticInit(java.lang.Object, java.lang.Object)'> (0x0000000717e6be70) 
thrown [s\open\src\hotspot\share\interpreter\linkResolver.cpp, line 796]
Event: 0.405 Thread 0x000001f3d015c540 Exception <a 'java/lang/NoSuchMethodError'{0x0000000717e95ae8}: 'void java.lang.invoke.DirectMethodHandle$Holder.invokeInterface(java.lang.Object, java.lang.Object, java.lang.Object, java.lang.Object)'> (0x0000000717e95ae8) 
thrown [s\open\src\hotspot\share\interpreter\linkResolver.cpp, line 796]

VM Operations (4 events):
Event: 0.114 Executing VM operation: HandshakeAllThreads (Deoptimize)
Event: 0.114 Executing VM operation: HandshakeAllThreads (Deoptimize) done
Event: 0.249 Executing VM operation: HandshakeAllThreads (Deoptimize)
Event: 0.249 Executing VM operation: HandshakeAllThreads (Deoptimize) done

Memory protections (0 events):
No events

Nmethod flushes (0 events):
No events

Events (16 events):
Event: 0.032 Thread 0x000001f3d015c540 Thread added: 0x000001f3d015c540
Event: 0.044 Thread 0x000001f3d015c540 Thread added: 0x000001f3f2e6ca30
Event: 0.044 Thread 0x000001f3d015c540 Thread added: 0x000001f3f2e6e800
Event: 0.044 Thread 0x000001f3d015c540 Thread added: 0x000001f3f2e71c50
Event: 0.044 Thread 0x000001f3d015c540 Thread added: 0x000001f3f2e726b0
Event: 0.044 Thread 0x000001f3d015c540 Thread added: 0x000001f3f2e75250
Event: 0.044 Thread 0x000001f3d015c540 Thread added: 0x000001f3f2e798b0
Event: 0.044 Thread 0x000001f3d015c540 Thread added: 0x000001f3f2e83270
Event: 0.044 Thread 0x000001f3d015c540 Thread added: 0x000001f3f2e83d20
Event: 0.050 Thread 0x000001f3f2e83d20 Thread added: 0x000001f3c50c8ee0
Event: 0.109 Thread 0x000001f3d015c540 Thread added: 0x000001f3c50d5250
Event: 0.120 Thread 0x000001f3f2e83d20 Thread added: 0x000001f3c5175990
Event: 0.207 Thread 0x000001f3d015c540 Thread added: 0x000001f3c53ce230
Event: 0.207 Thread 0x000001f3d015c540 Thread added: 0x000001f3c5408b60
Event: 0.324 Thread 0x000001f3c50c8ee0 Thread added: 0x000001f3c5641220
Event: 0.324 Thread 0x000001f3c50c8ee0 Thread added: 0x000001f3c5638940


Dynamic libraries:
0x00007ff6a1540000 - 0x00007ff6a1550000 	C:\Program Files\Java\jdk-23\bin\java.exe
0x00007fff67a90000 - 0x00007fff67ca7000 	C:\WINDOWS\SYSTEM32\ntdll.dll
0x00007fff66340000 - 0x00007fff66404000 	C:\WINDOWS\System32\KERNEL32.DLL
0x00007fff65100000 - 0x00007fff654b9000 	C:\WINDOWS\System32\KERNELBASE.dll
0x00007fff1daf0000 - 0x00007fff1dbcc000 	C:\Program Files\Bitdefender\Bitdefender Security\bdhkm\dlls_267529728381706355\bdhkm64.dll
0x00007fff1d800000 - 0x00007fff1d9bd000 	C:\Program Files\Bitdefender\Bitdefender Security\atcuf\dlls_267436104759478209\atcuf64.dll
0x00007fff654c0000 - 0x00007fff655d1000 	C:\WINDOWS\System32\ucrtbase.dll
0x00007fff4ce30000 - 0x00007fff4ce47000 	C:\Program Files\Java\jdk-23\bin\jli.dll
0x00007fff65fd0000 - 0x00007fff6617e000 	C:\WINDOWS\System32\USER32.dll
0x00007fff655e0000 - 0x00007fff65606000 	C:\WINDOWS\System32\win32u.dll
0x00007fff665b0000 - 0x00007fff665d9000 	C:\WINDOWS\System32\GDI32.dll
0x00007fff64e00000 - 0x00007fff64f1b000 	C:\WINDOWS\System32\gdi32full.dll
0x00007fff65060000 - 0x00007fff650fa000 	C:\WINDOWS\System32\msvcp_win.dll
0x00007fff4c880000 - 0x00007fff4c89b000 	C:\Program Files\Java\jdk-23\bin\VCRUNTIME140.dll
0x00007fff4d7c0000 - 0x00007fff4da52000 	C:\WINDOWS\WinSxS\amd64_microsoft.windows.common-controls_6595b64144ccf1df_6.0.22621.4391_none_2715d37f73803e96\COMCTL32.dll
0x00007fff665f0000 - 0x00007fff66697000 	C:\WINDOWS\System32\msvcrt.dll
0x00007fff66c10000 - 0x00007fff66c41000 	C:\WINDOWS\System32\IMM32.DLL
0x00007fff61980000 - 0x00007fff6198c000 	C:\Program Files\Java\jdk-23\bin\vcruntime140_1.dll
0x00007fff43f50000 - 0x00007fff43fde000 	C:\Program Files\Java\jdk-23\bin\msvcp140.dll
0x00007ffed1580000 - 0x00007ffed22cf000 	C:\Program Files\Java\jdk-23\bin\server\jvm.dll
0x00007fff66ca0000 - 0x00007fff66d52000 	C:\WINDOWS\System32\ADVAPI32.dll
0x00007fff66500000 - 0x00007fff665a7000 	C:\WINDOWS\System32\sechost.dll
0x00007fff65780000 - 0x00007fff657a8000 	C:\WINDOWS\System32\bcrypt.dll
0x00007fff66200000 - 0x00007fff66314000 	C:\WINDOWS\System32\RPCRT4.dll
0x00007fff66180000 - 0x00007fff661f1000 	C:\WINDOWS\System32\WS2_32.dll
0x00007fff63be0000 - 0x00007fff63c2d000 	C:\WINDOWS\SYSTEM32\POWRPROF.dll
0x00007fff60a70000 - 0x00007fff60aa4000 	C:\WINDOWS\SYSTEM32\WINMM.dll
0x00007fff5d290000 - 0x00007fff5d29a000 	C:\WINDOWS\SYSTEM32\VERSION.dll
0x00007fff63bc0000 - 0x00007fff63bd3000 	C:\WINDOWS\SYSTEM32\UMPDC.dll
0x00007fff63e80000 - 0x00007fff63e98000 	C:\WINDOWS\SYSTEM32\kernel.appcore.dll
0x00007fff58220000 - 0x00007fff5822a000 	C:\Program Files\Java\jdk-23\bin\jimage.dll
0x00007fff62230000 - 0x00007fff62462000 	C:\WINDOWS\SYSTEM32\DBGHELP.DLL
0x00007fff66700000 - 0x00007fff66a8f000 	C:\WINDOWS\System32\combase.dll
0x00007fff66420000 - 0x00007fff664f7000 	C:\WINDOWS\System32\OLEAUT32.dll
0x00007fff520a0000 - 0x00007fff520d2000 	C:\WINDOWS\SYSTEM32\dbgcore.DLL
0x00007fff64f20000 - 0x00007fff64f9b000 	C:\WINDOWS\System32\bcryptPrimitives.dll
0x00007fff4e430000 - 0x00007fff4e43f000 	C:\Program Files\Java\jdk-23\bin\instrument.dll
0x00007fff4c640000 - 0x00007fff4c65e000 	C:\Program Files\Java\jdk-23\bin\java.dll
0x00007fff67810000 - 0x00007fff679b5000 	C:\WINDOWS\System32\ole32.dll
0x00007fff66d60000 - 0x00007fff675d6000 	C:\WINDOWS\System32\SHELL32.dll
0x00007fff62c90000 - 0x00007fff63593000 	C:\WINDOWS\SYSTEM32\windows.storage.dll
0x00007fff62b50000 - 0x00007fff62c8f000 	C:\WINDOWS\SYSTEM32\wintypes.dll
0x00007fff67710000 - 0x00007fff67809000 	C:\WINDOWS\System32\SHCORE.dll
0x00007fff66b90000 - 0x00007fff66bee000 	C:\WINDOWS\System32\shlwapi.dll
0x00007fff64cc0000 - 0x00007fff64ceb000 	C:\WINDOWS\SYSTEM32\profapi.dll
0x00007fff3c6a0000 - 0x00007fff3c777000 	C:\Program Files\Java\jdk-23\bin\jsvml.dll
0x00007fff4bf10000 - 0x00007fff4bf27000 	C:\Program Files\Java\jdk-23\bin\zip.dll
0x00007fff4cf10000 - 0x00007fff4cf20000 	C:\Program Files\Java\jdk-23\bin\net.dll
0x00007fff642f0000 - 0x00007fff64359000 	C:\WINDOWS\system32\mswsock.dll
0x00007fff4bf80000 - 0x00007fff4bf96000 	C:\Program Files\Java\jdk-23\bin\nio.dll
0x00007fff4cee0000 - 0x00007fff4cefa000 	C:\Users\rapha\AppData\Local\Programs\IntelliJ IDEA Community Edition\bin\breakgen64.dll
0x00007fff4cd40000 - 0x00007fff4cd49000 	C:\Program Files\Java\jdk-23\bin\extnet.dll

dbghelp: loaded successfully - version: 4.0.5 - missing functions: none
symbol engine: initialized successfully - sym options: 0x614 - pdb path: .;C:\Program Files\Java\jdk-23\bin;C:\WINDOWS\SYSTEM32;C:\Program Files\Bitdefender\Bitdefender Security\bdhkm\dlls_267529728381706355;C:\Program Files\Bitdefender\Bitdefender Security\atcuf\dlls_267436104759478209;C:\WINDOWS\WinSxS\amd64_microsoft.windows.common-controls_6595b64144ccf1df_6.0.22621.4391_none_2715d37f73803e96;C:\Program Files\Java\jdk-23\bin\server;C:\Users\rapha\AppData\Local\Programs\IntelliJ IDEA Community Edition\bin

VM Arguments:
jvm_args: -javaagent:C:\Users\rapha\AppData\Local\Programs\IntelliJ IDEA Community Edition\lib\idea_rt.jar=32054:C:\Users\rapha\AppData\Local\Programs\IntelliJ IDEA Community Edition\bin -Dfile.encoding=UTF-8 -Dsun.stdout.encoding=UTF-8 -Dsun.stderr.encoding=UTF-8 
java_command: com.asi2.property.sp.PropertyServiceApplication
java_class_path (initial): C:\Users\rapha\OneDrive\Documents\CPE\5ETI\ASI2\Project\property_service\SPWebApp\target\classes;C:\Users\rapha\.m2\repository\org\springframework\boot\spring-boot-starter-web\3.4.0\spring-boot-starter-web-3.4.0.jar;C:\Users\rapha\.m2\repository\org\springframework\boot\spring-boot-starter\3.4.0\spring-boot-starter-3.4.0.jar;C:\Users\rapha\.m2\repository\org\springframework\boot\spring-boot\3.4.0\spring-boot-3.4.0.jar;C:\Users\rapha\.m2\repository\org\springframework\boot\spring-boot-autoconfigure\3.4.0\spring-boot-autoconfigure-3.4.0.jar;C:\Users\rapha\.m2\repository\org\springframework\boot\spring-boot-starter-logging\3.4.0\spring-boot-starter-logging-3.4.0.jar;C:\Users\rapha\.m2\repository\ch\qos\logback\logback-classic\1.5.12\logback-classic-1.5.12.jar;C:\Users\rapha\.m2\repository\ch\qos\logback\logback-core\1.5.12\logback-core-1.5.12.jar;C:\Users\rapha\.m2\repository\org\apache\logging\log4j\log4j-to-slf4j\2.24.1\log4j-to-slf4j-2.24.1.jar;C:\Users\rapha\.m2\repository\org\apache\logging\log4j\log4j-api\2.24.1\log4j-api-2.24.1.jar;C:\Users\rapha\.m2\repository\org\slf4j\jul-to-slf4j\2.0.16\jul-to-slf4j-2.0.16.jar;C:\Users\rapha\.m2\repository\org\yaml\snakeyaml\2.3\snakeyaml-2.3.jar;C:\Users\rapha\.m2\repository\org\springframework\boot\spring-boot-starter-json\3.4.0\spring-boot-starter-json-3.4.0.jar;C:\Users\rapha\.m2\repository\com\fasterxml\jackson\datatype\jackson-datatype-jdk8\2.18.1\jackson-datatype-jdk8-2.18.1.jar;C:\Users\rapha\.m2\repository\com\fasterxml\jackson\datatype\jackson-datatype-jsr310\2.18.1\jackson-datatype-jsr310-2.18.1.jar;C:\Users\rapha\.m2\repository\com\fasterxml\jackson\module\jackson-module-parameter-names\2.18.1\jackson-module-parameter-names-2.18.1.jar;C:\Users\rapha\.m2\repository\org\springframework\boot\spring-boot-starter-tomcat\3.4.0\spring-boot-starter-tomcat-3.4.0.jar;C:\Users\rapha\.m2\repository\org\apache\tomcat\embed\tomcat-embed-core\10.1.33\tomcat-embed-core-10.1.33.jar;C:\Users\rapha\.m2\repository\org\apache\tomcat\embed\tomcat-embed-el\10.1.33\tomcat-embed-el-10.1.33.jar;C:\Users\rapha\.m2\repository\org\apache\tomcat\embed\tomcat-embed-websocket\10.1.33\tomcat-embed-websocket-10.1.33.jar;C:\Users\rapha\.m2\repository\org\springframework\spring-web\6.2.0\spring-web-6.2.0.jar;C:\Users\rapha\.m2\repository\org\springframework\spring-beans\6.2.0\spring-beans-6.2.0.jar;C:\Users\rapha\.m2\repository\io\micrometer\micrometer-observation\1.14.1\micrometer-observation-1.14.1.jar;C:\Users\rapha\.m2\repository\io\micrometer\micrometer-commons\1.14.1\micrometer-commons-1.14.1.jar;C:\Users\rapha\.m2\repository\org\springframework\spring-webmvc\6.2.0\spring-webmvc-6.2.0.jar;C:\Users\rapha\.m2\repository\org\springframework\spring-aop\6.2.0\spring-aop-6.2.0.jar;C:\Users\rapha\.m2\repository\org\springframework\spring-context\6.2.0\spring-context-6.2.0.jar;C:\Users\rapha\.m2\repository\org\springframework\spring-expression\6.2.0\spring-expression-6.2.0.jar;C:\Users\rapha\.m2\repository\org\slf4j\slf4j-api\2.0.16\slf4j-api-2.0.16.jar;C:\Users\rapha\.m2\repository\org\springframework\spring-core\6.2.0\spring-core-6.2.0.jar;C:\Users\rapha\.m2\repository\org\springframework\spring-jcl\6.2.0\spring-jcl-6.2.0.jar;C:\Users\rapha\.m2\repository\org\springframework\boot\spring-boot-starter-activemq\3.4.0\spring-boot-starter-activemq-3.4.0.jar;C:\Users\rapha\.m2\repository\org\springframework\spring-jms\6.2.0\spring-jms-6.2.0.jar;C:\Users\rapha\.m2\repository\org\springframework\spring-messaging\6.2.0\spring-messaging-6.2.0.jar;C:\Users\rapha\.m2\repository\org\springframework\spring-tx\6.2.0\spring-tx-6.2.0.jar;C:\Users\rapha\.m2\repository\org\apache\activemq\activemq-client\6.1.4\activemq-client-6.1.4.jar;C:\Users\rapha\.m2\repository\jakarta\jms\jakarta.jms-api\3.1.0\jakarta.jms-api-3.1.0.jar;C:\Users\rapha\.m2\repository\org\fusesource\hawtbuf\hawtbuf\1.11\hawtbuf-1.11.jar;C:\Users\rapha\.m2\repository\org\apache\activemq\activemq-broker\6.1.4\activemq-broker-6.1.4.jar;C:\Users\rapha\.m2\repository\org\apache\activemq\activemq-openwire-legacy\6.1.4\activemq-openwire-legacy-6.1.4.jar;C:\Users\rapha\.m2\repository\jakarta\annotation\jakarta.annotation-api\2.1.1\jakarta.annotation-api-2.1.1.jar;C:\Users\rapha\.m2\repository\com\fasterxml\jackson\core\jackson-databind\2.18.1\jackson-databind-2.18.1.jar;C:\Users\rapha\.m2\repository\com\fasterxml\jackson\core\jackson-annotations\2.18.1\jackson-annotations-2.18.1.jar;C:\Users\rapha\.m2\repository\com\fasterxml\jackson\core\jackson-core\2.18.1\jackson-core-2.18.1.jar;C:\Users\rapha\.m2\repository\de\androidpit\colorToproperties\1.1.2\colorToproperties-1.1.2.jar
Launcher Type: SUN_STANDARD

[Global flags]
     intx CICompilerCount                          = 12                                        {product} {ergonomic}
     uint ConcGCThreads                            = 3                                         {product} {ergonomic}
     uint G1ConcRefinementThreads                  = 13                                        {product} {ergonomic}
   size_t G1HeapRegionSize                         = 2097152                                   {product} {ergonomic}
   size_t InitialHeapSize                          = 260046848                                 {product} {ergonomic}
   size_t MarkStackSize                            = 4194304                                   {product} {ergonomic}
   size_t MarkStackSizeMax                         = 536870912                                 {product} {ergonomic}
   size_t MaxHeapSize                              = 4139778048                                {product} {ergonomic}
   size_t MaxNewSize                               = 2483027968                                {product} {ergonomic}
   size_t MinHeapDeltaBytes                        = 2097152                                   {product} {ergonomic}
   size_t MinHeapSize                              = 8388608                                   {product} {ergonomic}
    uintx NonNMethodCodeHeapSize                   = 7602176                                {pd product} {ergonomic}
    uintx NonProfiledCodeHeapSize                  = 122093568                              {pd product} {ergonomic}
    uintx ProfiledCodeHeapSize                     = 121962496                              {pd product} {ergonomic}
    uintx ReservedCodeCacheSize                    = 251658240                              {pd product} {ergonomic}
     bool SegmentedCodeCache                       = true                                      {product} {ergonomic}
   size_t SoftMaxHeapSize                          = 4139778048                             {manageable} {ergonomic}
     bool UseCompressedOops                        = true                           {product lp64_product} {ergonomic}
     bool UseG1GC                                  = true                                      {product} {ergonomic}
     bool UseLargePagesIndividualAllocation        = false                                  {pd product} {ergonomic}

Logging:
Log output configuration:
 #0: stdout all=warning uptime,level,tags foldmultilines=false
 #1: stderr all=off uptime,level,tags foldmultilines=false

Environment Variables:
JAVA_HOME=C:\Program Files\Java\jdk-23
PATH=C:\Program Files\Common Files\Oracle\Java\javapath;C:\Program Files (x86)\Common Files\Oracle\Java\javapath;C:\Windows\System32;C:\Windows;C:\Windows\System32\WindowsPowerShell\v1.0;C:\Program Files\nodejs;C:\Program Files;C:\Program Files (x86);C:\Windows\System32\OpenSSH;C:\ProgramData\chocolatey\bin;;C:\Program Files\NVIDIA Corporation\NVIDIA NvDLISR;C:\Program Files (x86)\NVIDIA Corporation\PhysX\Common;C:\Program Files\dotnet\;C:\Program Files\Docker\Docker\resources\bin;C:\Program Files\nodejs\;C:\Users\rapha\AppData\Local\.meteor/;C:\Program Files\nodejs\node_modules\npm\node_modules\npm-lifecycle\node-gyp-bin;C:\Users\rapha\AppData\Roaming\npm\node_modules\meteor\node_modules\.bin;C:\Users\rapha\AppData\Roaming\npm\node_modules\.bin;C:\Windows\System32;C:\Windows;C:\Windows\System32\WindowsPowerShell\v1.0;C:\Program Files\nodejs;C:\Program Files;C:\Program Files (x86);C:\Windows\System32\OpenSSH;C:\Program Files\nodejs\;C:\Users\rapha\AppData\Local\Microsoft\WindowsApps;C:\Users\rapha\AppData\Local\Programs\Microsoft VS Code\bin;C:\xampp\php;C:\Program Files\Docker\Docker\resources\bin;C:\Users\rapha\AppData\Local\Packages\PythonSoftwareFoundation.Python.3.10_qbz5n2kfra8p0\LocalCache\local-packages\Python310\Scripts;C:\Program Files (x86)\Nmap;C:\Users\rapha\AppData\Roaming\npm;C:\DEV\hadoop-2.7.3\bin;C:\Users\rapha\Miniconda3\Scripts;C:\Program Files\JetBrains\IntelliJ IDEA 2024.3\bin;;C:\Users\rapha\AppData\Local\JetBrains\Toolbox\scripts;C:\Program Files\Apache\maven-3.9.9\bin;
USERNAME=rapha
OS=Windows_NT
PROCESSOR_IDENTIFIER=AMD64 Family 25 Model 80 Stepping 0, AuthenticAMD
TMP=C:\Users\rapha\AppData\Local\Temp
TEMP=C:\Users\rapha\AppData\Local\Temp




Periodic native trim disabled

---------------  S Y S T E M  ---------------

OS:
 Windows 11 , 64 bit Build 22621 (10.0.22621.4391)
OS uptime: 12 days 4:09 hours
Hyper-V role detected

CPU: total 16 (initial active 16) (16 cores per cpu, 2 threads per core) family 25 model 80 stepping 0 microcode 0x0, cx8, cmov, fxsr, ht, mmx, 3dnowpref, sse, sse2, sse3, ssse3, sse4a, sse4.1, sse4.2, popcnt, lzcnt, tsc, tscinvbit, avx, avx2, aes, erms, clmul, bmi1, bmi2, adx, sha, fma, vzeroupper, clflush, clflushopt, hv, rdtscp, rdpid, fsrm, f16c, cet_ss
Processor Information for the first 16 processors :
  Max Mhz: 3301, Current Mhz: 3301, Mhz Limit: 3301

Memory: 4k page, system-wide physical 15791M (1666M free)
TotalPageFile size 64943M (AvailPageFile size 148M)
current process WorkingSet (physical memory assigned to process): 68M, peak: 68M
current process commit charge ("private bytes"): 360M, peak: 360M

vm_info: Java HotSpot(TM) 64-Bit Server VM (23.0.1+11-39) for windows-amd64 JRE (23.0.1+11-39), built on 2024-09-30T07:20:43Z with MS VC++ 17.6 (VS2022)

END.
